\BOOKMARK [0][-]{Doc-Start}{Resum}{}% 1
\BOOKMARK [0][-]{chapter.1}{Introducci\363}{}% 2
\BOOKMARK [1][-]{section.1.1}{Planta a controlar}{chapter.1}% 3
\BOOKMARK [1][-]{section.1.2}{Metodologia}{chapter.1}% 4
\BOOKMARK [1][-]{section.1.3}{Repositori de la pr\340ctica}{chapter.1}% 5
\BOOKMARK [0][-]{chapter.2}{Control de la planta}{}% 6
\BOOKMARK [1][-]{section.2.1}{Control continu}{chapter.2}% 7
\BOOKMARK [1][-]{section.2.2}{Control discret}{chapter.2}% 8
\BOOKMARK [1][-]{section.2.3}{Control amb observador}{chapter.2}% 9
\BOOKMARK [1][-]{section.2.4}{Control amb ref\372s de pertorbaci\363}{chapter.2}% 10
\BOOKMARK [2][-]{subsection.2.4.1}{Pertorbaci\363 constant}{section.2.4}% 11
\BOOKMARK [2][-]{subsection.2.4.2}{Pertorbaci\363 constant i sinuso\357dal}{section.2.4}% 12
\BOOKMARK [2][-]{subsection.2.4.3}{Pertorbacions d'un rang de freq\374\350ncies sinuso\357dals}{section.2.4}% 13
\BOOKMARK [1][-]{section.2.5}{\332s de pols reals de l'observador}{chapter.2}% 14
\BOOKMARK [2][-]{subsection.2.5.1}{Pertorbacions constants}{section.2.5}% 15
\BOOKMARK [2][-]{subsection.2.5.2}{Pertorbacions constants i sinuso\357dals}{section.2.5}% 16
\BOOKMARK [0][-]{chapter.3}{Conclusions}{}% 17
\BOOKMARK [0][-]{section*.30}{Annexos}{}% 18
\BOOKMARK [0][-]{appendix.A}{C\340lculs per ref\372s de pertorbacions d'un rang de freq\374\350ncies sinuso\357dals}{}% 19
\BOOKMARK [1][-]{section.A.1}{Agrupaci\363 de la descomposici\363 de Taylor de la transformada de Laplace}{appendix.A}% 20
