This is pdfTeX, Version 3.1415926-2.4-1.40.13 (MiKTeX 2.9) (preloaded format=pdflatex 2015.9.17)  19 NOV 2015 12:20
entering extended mode
**1r_Informe-Lluis_Salord_Quetglas.tex

("D:\Lluis\Documents\Industrials\Q3 Master\Tec Control\1r Control - Doble Integ
rador\Informe\1r_Informe-Lluis_Salord_Quetglas.tex"
LaTeX2e <2011/06/27>
Babel <v3.8m> and hyphenation patterns for english, afrikaans, ancientgreek, ar
abic, armenian, assamese, basque, bengali, bokmal, bulgarian, catalan, coptic, 
croatian, czech, danish, dutch, esperanto, estonian, farsi, finnish, french, ga
lician, german, german-x-2012-05-30, greek, gujarati, hindi, hungarian, iceland
ic, indonesian, interlingua, irish, italian, kannada, kurmanji, latin, latvian,
 lithuanian, malayalam, marathi, mongolian, mongolianlmc, monogreek, ngerman, n
german-x-2012-05-30, nynorsk, oriya, panjabi, pinyin, polish, portuguese, roman
ian, russian, sanskrit, serbian, slovak, slovenian, spanish, swedish, swissgerm
an, tamil, telugu, turkish, turkmen, ukenglish, ukrainian, uppersorbian, usengl
ishmax, welsh, loaded.
("C:\Program Files (x86)\MiKTeX 2.9\tex\latex\base\report.cls"
Document Class: report 2007/10/19 v1.4h Standard LaTeX document class
("C:\Program Files (x86)\MiKTeX 2.9\tex\latex\base\size12.clo"
File: size12.clo 2007/10/19 v1.4h Standard LaTeX file (size option)
)
\c@part=\count79
\c@chapter=\count80
\c@section=\count81
\c@subsection=\count82
\c@subsubsection=\count83
\c@paragraph=\count84
\c@subparagraph=\count85
\c@figure=\count86
\c@table=\count87
\abovecaptionskip=\skip41
\belowcaptionskip=\skip42
\bibindent=\dimen102
)
("C:\Program Files (x86)\MiKTeX 2.9\tex\latex\base\inputenc.sty"
Package: inputenc 2008/03/30 v1.1d Input encoding file
\inpenc@prehook=\toks14
\inpenc@posthook=\toks15

("C:\Program Files (x86)\MiKTeX 2.9\tex\latex\base\utf8.def"
File: utf8.def 2008/04/05 v1.1m UTF-8 support for inputenc
Now handling font encoding OML ...
... no UTF-8 mapping file for font encoding OML
Now handling font encoding T1 ...
... processing UTF-8 mapping file for font encoding T1

("C:\Program Files (x86)\MiKTeX 2.9\tex\latex\base\t1enc.dfu"
File: t1enc.dfu 2008/04/05 v1.1m UTF-8 support for inputenc
   defining Unicode char U+00A1 (decimal 161)
   defining Unicode char U+00A3 (decimal 163)
   defining Unicode char U+00AB (decimal 171)
   defining Unicode char U+00BB (decimal 187)
   defining Unicode char U+00BF (decimal 191)
   defining Unicode char U+00C0 (decimal 192)
   defining Unicode char U+00C1 (decimal 193)
   defining Unicode char U+00C2 (decimal 194)
   defining Unicode char U+00C3 (decimal 195)
   defining Unicode char U+00C4 (decimal 196)
   defining Unicode char U+00C5 (decimal 197)
   defining Unicode char U+00C6 (decimal 198)
   defining Unicode char U+00C7 (decimal 199)
   defining Unicode char U+00C8 (decimal 200)
   defining Unicode char U+00C9 (decimal 201)
   defining Unicode char U+00CA (decimal 202)
   defining Unicode char U+00CB (decimal 203)
   defining Unicode char U+00CC (decimal 204)
   defining Unicode char U+00CD (decimal 205)
   defining Unicode char U+00CE (decimal 206)
   defining Unicode char U+00CF (decimal 207)
   defining Unicode char U+00D0 (decimal 208)
   defining Unicode char U+00D1 (decimal 209)
   defining Unicode char U+00D2 (decimal 210)
   defining Unicode char U+00D3 (decimal 211)
   defining Unicode char U+00D4 (decimal 212)
   defining Unicode char U+00D5 (decimal 213)
   defining Unicode char U+00D6 (decimal 214)
   defining Unicode char U+00D8 (decimal 216)
   defining Unicode char U+00D9 (decimal 217)
   defining Unicode char U+00DA (decimal 218)
   defining Unicode char U+00DB (decimal 219)
   defining Unicode char U+00DC (decimal 220)
   defining Unicode char U+00DD (decimal 221)
   defining Unicode char U+00DE (decimal 222)
   defining Unicode char U+00DF (decimal 223)
   defining Unicode char U+00E0 (decimal 224)
   defining Unicode char U+00E1 (decimal 225)
   defining Unicode char U+00E2 (decimal 226)
   defining Unicode char U+00E3 (decimal 227)
   defining Unicode char U+00E4 (decimal 228)
   defining Unicode char U+00E5 (decimal 229)
   defining Unicode char U+00E6 (decimal 230)
   defining Unicode char U+00E7 (decimal 231)
   defining Unicode char U+00E8 (decimal 232)
   defining Unicode char U+00E9 (decimal 233)
   defining Unicode char U+00EA (decimal 234)
   defining Unicode char U+00EB (decimal 235)
   defining Unicode char U+00EC (decimal 236)
   defining Unicode char U+00ED (decimal 237)
   defining Unicode char U+00EE (decimal 238)
   defining Unicode char U+00EF (decimal 239)
   defining Unicode char U+00F0 (decimal 240)
   defining Unicode char U+00F1 (decimal 241)
   defining Unicode char U+00F2 (decimal 242)
   defining Unicode char U+00F3 (decimal 243)
   defining Unicode char U+00F4 (decimal 244)
   defining Unicode char U+00F5 (decimal 245)
   defining Unicode char U+00F6 (decimal 246)
   defining Unicode char U+00F8 (decimal 248)
   defining Unicode char U+00F9 (decimal 249)
   defining Unicode char U+00FA (decimal 250)
   defining Unicode char U+00FB (decimal 251)
   defining Unicode char U+00FC (decimal 252)
   defining Unicode char U+00FD (decimal 253)
   defining Unicode char U+00FE (decimal 254)
   defining Unicode char U+00FF (decimal 255)
   defining Unicode char U+0102 (decimal 258)
   defining Unicode char U+0103 (decimal 259)
   defining Unicode char U+0104 (decimal 260)
   defining Unicode char U+0105 (decimal 261)
   defining Unicode char U+0106 (decimal 262)
   defining Unicode char U+0107 (decimal 263)
   defining Unicode char U+010C (decimal 268)
   defining Unicode char U+010D (decimal 269)
   defining Unicode char U+010E (decimal 270)
   defining Unicode char U+010F (decimal 271)
   defining Unicode char U+0110 (decimal 272)
   defining Unicode char U+0111 (decimal 273)
   defining Unicode char U+0118 (decimal 280)
   defining Unicode char U+0119 (decimal 281)
   defining Unicode char U+011A (decimal 282)
   defining Unicode char U+011B (decimal 283)
   defining Unicode char U+011E (decimal 286)
   defining Unicode char U+011F (decimal 287)
   defining Unicode char U+0130 (decimal 304)
   defining Unicode char U+0131 (decimal 305)
   defining Unicode char U+0132 (decimal 306)
   defining Unicode char U+0133 (decimal 307)
   defining Unicode char U+0139 (decimal 313)
   defining Unicode char U+013A (decimal 314)
   defining Unicode char U+013D (decimal 317)
   defining Unicode char U+013E (decimal 318)
   defining Unicode char U+0141 (decimal 321)
   defining Unicode char U+0142 (decimal 322)
   defining Unicode char U+0143 (decimal 323)
   defining Unicode char U+0144 (decimal 324)
   defining Unicode char U+0147 (decimal 327)
   defining Unicode char U+0148 (decimal 328)
   defining Unicode char U+014A (decimal 330)
   defining Unicode char U+014B (decimal 331)
   defining Unicode char U+0150 (decimal 336)
   defining Unicode char U+0151 (decimal 337)
   defining Unicode char U+0152 (decimal 338)
   defining Unicode char U+0153 (decimal 339)
   defining Unicode char U+0154 (decimal 340)
   defining Unicode char U+0155 (decimal 341)
   defining Unicode char U+0158 (decimal 344)
   defining Unicode char U+0159 (decimal 345)
   defining Unicode char U+015A (decimal 346)
   defining Unicode char U+015B (decimal 347)
   defining Unicode char U+015E (decimal 350)
   defining Unicode char U+015F (decimal 351)
   defining Unicode char U+0160 (decimal 352)
   defining Unicode char U+0161 (decimal 353)
   defining Unicode char U+0162 (decimal 354)
   defining Unicode char U+0163 (decimal 355)
   defining Unicode char U+0164 (decimal 356)
   defining Unicode char U+0165 (decimal 357)
   defining Unicode char U+016E (decimal 366)
   defining Unicode char U+016F (decimal 367)
   defining Unicode char U+0170 (decimal 368)
   defining Unicode char U+0171 (decimal 369)
   defining Unicode char U+0178 (decimal 376)
   defining Unicode char U+0179 (decimal 377)
   defining Unicode char U+017A (decimal 378)
   defining Unicode char U+017B (decimal 379)
   defining Unicode char U+017C (decimal 380)
   defining Unicode char U+017D (decimal 381)
   defining Unicode char U+017E (decimal 382)
   defining Unicode char U+200C (decimal 8204)
   defining Unicode char U+2013 (decimal 8211)
   defining Unicode char U+2014 (decimal 8212)
   defining Unicode char U+2018 (decimal 8216)
   defining Unicode char U+2019 (decimal 8217)
   defining Unicode char U+201A (decimal 8218)
   defining Unicode char U+201C (decimal 8220)
   defining Unicode char U+201D (decimal 8221)
   defining Unicode char U+201E (decimal 8222)
   defining Unicode char U+2030 (decimal 8240)
   defining Unicode char U+2031 (decimal 8241)
   defining Unicode char U+2039 (decimal 8249)
   defining Unicode char U+203A (decimal 8250)
   defining Unicode char U+2423 (decimal 9251)
)
Now handling font encoding OT1 ...
... processing UTF-8 mapping file for font encoding OT1

("C:\Program Files (x86)\MiKTeX 2.9\tex\latex\base\ot1enc.dfu"
File: ot1enc.dfu 2008/04/05 v1.1m UTF-8 support for inputenc
   defining Unicode char U+00A1 (decimal 161)
   defining Unicode char U+00A3 (decimal 163)
   defining Unicode char U+00B8 (decimal 184)
   defining Unicode char U+00BF (decimal 191)
   defining Unicode char U+00C5 (decimal 197)
   defining Unicode char U+00C6 (decimal 198)
   defining Unicode char U+00D8 (decimal 216)
   defining Unicode char U+00DF (decimal 223)
   defining Unicode char U+00E6 (decimal 230)
   defining Unicode char U+00EC (decimal 236)
   defining Unicode char U+00ED (decimal 237)
   defining Unicode char U+00EE (decimal 238)
   defining Unicode char U+00EF (decimal 239)
   defining Unicode char U+00F8 (decimal 248)
   defining Unicode char U+0131 (decimal 305)
   defining Unicode char U+0141 (decimal 321)
   defining Unicode char U+0142 (decimal 322)
   defining Unicode char U+0152 (decimal 338)
   defining Unicode char U+0153 (decimal 339)
   defining Unicode char U+2013 (decimal 8211)
   defining Unicode char U+2014 (decimal 8212)
   defining Unicode char U+2018 (decimal 8216)
   defining Unicode char U+2019 (decimal 8217)
   defining Unicode char U+201C (decimal 8220)
   defining Unicode char U+201D (decimal 8221)
)
Now handling font encoding OMS ...
... processing UTF-8 mapping file for font encoding OMS

("C:\Program Files (x86)\MiKTeX 2.9\tex\latex\base\omsenc.dfu"
File: omsenc.dfu 2008/04/05 v1.1m UTF-8 support for inputenc
   defining Unicode char U+00A7 (decimal 167)
   defining Unicode char U+00B6 (decimal 182)
   defining Unicode char U+00B7 (decimal 183)
   defining Unicode char U+2020 (decimal 8224)
   defining Unicode char U+2021 (decimal 8225)
   defining Unicode char U+2022 (decimal 8226)
)
Now handling font encoding OMX ...
... no UTF-8 mapping file for font encoding OMX
Now handling font encoding U ...
... no UTF-8 mapping file for font encoding U
   defining Unicode char U+00A9 (decimal 169)
   defining Unicode char U+00AA (decimal 170)
   defining Unicode char U+00AE (decimal 174)
   defining Unicode char U+00BA (decimal 186)
   defining Unicode char U+02C6 (decimal 710)
   defining Unicode char U+02DC (decimal 732)
   defining Unicode char U+200C (decimal 8204)
   defining Unicode char U+2026 (decimal 8230)
   defining Unicode char U+2122 (decimal 8482)
   defining Unicode char U+2423 (decimal 9251)
))
("C:\Program Files (x86)\MiKTeX 2.9\tex\latex\base\fontenc.sty"
Package: fontenc 2005/09/27 v1.99g Standard LaTeX package

("C:\Program Files (x86)\MiKTeX 2.9\tex\latex\base\t1enc.def"
File: t1enc.def 2005/09/27 v1.99g Standard LaTeX file
LaTeX Font Info:    Redeclaring font encoding T1 on input line 43.
))
("C:\Program Files (x86)\MiKTeX 2.9\tex\generic\babel\babel.sty"
Package: babel 2008/07/08 v3.8m The Babel package

*************************************
* Local config file bblopts.cfg used
*
("C:\Program Files (x86)\MiKTeX 2.9\tex\latex\00miktex\bblopts.cfg"
File: bblopts.cfg 2006/07/31 v1.0 MiKTeX 'babel' configuration
)
("C:\Program Files (x86)\MiKTeX 2.9\tex\generic\babel\catalan.ldf"
Language: catalan 2005/03/29 v2.2p Catalan support from the babel system

("C:\Program Files (x86)\MiKTeX 2.9\tex\generic\babel\babel.def"
File: babel.def 2008/07/08 v3.8m Babel common definitions
\babel@savecnt=\count88
\U@D=\dimen103
)
Package babel Info: Making " an active character on input line 91.
\leftllkern=\dimen104
\rightllkern=\dimen105
\raiselldim=\dimen106
))
("C:\Program Files (x86)\MiKTeX 2.9\tex\latex\setspace\setspace.sty"
Package: setspace 2011/12/19 v6.7a set line spacing
)
("C:\Program Files (x86)\MiKTeX 2.9\tex\latex\graphics\graphicx.sty"
Package: graphicx 1999/02/16 v1.0f Enhanced LaTeX Graphics (DPC,SPQR)

("C:\Program Files (x86)\MiKTeX 2.9\tex\latex\graphics\keyval.sty"
Package: keyval 1999/03/16 v1.13 key=value parser (DPC)
\KV@toks@=\toks16
)
("C:\Program Files (x86)\MiKTeX 2.9\tex\latex\graphics\graphics.sty"
Package: graphics 2009/02/05 v1.0o Standard LaTeX Graphics (DPC,SPQR)

("C:\Program Files (x86)\MiKTeX 2.9\tex\latex\graphics\trig.sty"
Package: trig 1999/03/16 v1.09 sin cos tan (DPC)
)
("C:\Program Files (x86)\MiKTeX 2.9\tex\latex\00miktex\graphics.cfg"
File: graphics.cfg 2007/01/18 v1.5 graphics configuration of teTeX/TeXLive
)
Package graphics Info: Driver file: pdftex.def on input line 91.

("C:\Program Files (x86)\MiKTeX 2.9\tex\latex\pdftex-def\pdftex.def"
File: pdftex.def 2011/05/27 v0.06d Graphics/color for pdfTeX

("C:\Program Files (x86)\MiKTeX 2.9\tex\generic\oberdiek\infwarerr.sty"
Package: infwarerr 2010/04/08 v1.3 Providing info/warning/error messages (HO)
)
("C:\Program Files (x86)\MiKTeX 2.9\tex\generic\oberdiek\ltxcmds.sty"
Package: ltxcmds 2011/11/09 v1.22 LaTeX kernel commands for general use (HO)
)
\Gread@gobject=\count89
))
\Gin@req@height=\dimen107
\Gin@req@width=\dimen108
)
("C:\Program Files (x86)\MiKTeX 2.9\tex\latex\caption\caption.sty"
Package: caption 2013/05/02 v3.3-89 Customizing captions (AR)

("C:\Program Files (x86)\MiKTeX 2.9\tex\latex\caption\caption3.sty"
Package: caption3 2013/05/02 v1.6-88 caption3 kernel (AR)
Package caption3 Info: TeX engine: e-TeX on input line 57.
\captionmargin=\dimen109
\captionmargin@=\dimen110
\captionwidth=\dimen111
\caption@tempdima=\dimen112
\caption@indent=\dimen113
\caption@parindent=\dimen114
\caption@hangindent=\dimen115
)
\c@ContinuedFloat=\count90
)
("C:\Program Files (x86)\MiKTeX 2.9\tex\latex\amsmath\amsmath.sty"
Package: amsmath 2013/01/14 v2.14 AMS math features
\@mathmargin=\skip43

For additional information on amsmath, use the `?' option.
("C:\Program Files (x86)\MiKTeX 2.9\tex\latex\amsmath\amstext.sty"
Package: amstext 2000/06/29 v2.01

("C:\Program Files (x86)\MiKTeX 2.9\tex\latex\amsmath\amsgen.sty"
File: amsgen.sty 1999/11/30 v2.0
\@emptytoks=\toks17
\ex@=\dimen116
))
("C:\Program Files (x86)\MiKTeX 2.9\tex\latex\amsmath\amsbsy.sty"
Package: amsbsy 1999/11/29 v1.2d
\pmbraise@=\dimen117
)
("C:\Program Files (x86)\MiKTeX 2.9\tex\latex\amsmath\amsopn.sty"
Package: amsopn 1999/12/14 v2.01 operator names
)
\inf@bad=\count91
LaTeX Info: Redefining \frac on input line 210.
\uproot@=\count92
\leftroot@=\count93
LaTeX Info: Redefining \overline on input line 306.
\classnum@=\count94
\DOTSCASE@=\count95
LaTeX Info: Redefining \ldots on input line 378.
LaTeX Info: Redefining \dots on input line 381.
LaTeX Info: Redefining \cdots on input line 466.
\Mathstrutbox@=\box26
\strutbox@=\box27
\big@size=\dimen118
LaTeX Font Info:    Redeclaring font encoding OML on input line 566.
LaTeX Font Info:    Redeclaring font encoding OMS on input line 567.
\macc@depth=\count96
\c@MaxMatrixCols=\count97
\dotsspace@=\muskip10
\c@parentequation=\count98
\dspbrk@lvl=\count99
\tag@help=\toks18
\row@=\count100
\column@=\count101
\maxfields@=\count102
\andhelp@=\toks19
\eqnshift@=\dimen119
\alignsep@=\dimen120
\tagshift@=\dimen121
\tagwidth@=\dimen122
\totwidth@=\dimen123
\lineht@=\dimen124
\@envbody=\toks20
\multlinegap=\skip44
\multlinetaggap=\skip45
\mathdisplay@stack=\toks21
LaTeX Info: Redefining \[ on input line 2665.
LaTeX Info: Redefining \] on input line 2666.
)
("C:\Program Files (x86)\MiKTeX 2.9\tex\latex\hyperref\hyperref.sty"
Package: hyperref 2012/11/06 v6.83m Hypertext links for LaTeX

("C:\Program Files (x86)\MiKTeX 2.9\tex\generic\oberdiek\hobsub-hyperref.sty"
Package: hobsub-hyperref 2012/04/25 v1.12 Bundle oberdiek, subset hyperref (HO)


("C:\Program Files (x86)\MiKTeX 2.9\tex\generic\oberdiek\hobsub-generic.sty"
Package: hobsub-generic 2012/04/25 v1.12 Bundle oberdiek, subset generic (HO)
Package: hobsub 2012/04/25 v1.12 Construct package bundles (HO)
Package hobsub Info: Skipping package `infwarerr' (already loaded).
Package hobsub Info: Skipping package `ltxcmds' (already loaded).
Package: ifluatex 2010/03/01 v1.3 Provides the ifluatex switch (HO)
Package ifluatex Info: LuaTeX not detected.
Package: ifvtex 2010/03/01 v1.5 Detect VTeX and its facilities (HO)
Package ifvtex Info: VTeX not detected.
Package: intcalc 2007/09/27 v1.1 Expandable calculations with integers (HO)
Package: ifpdf 2011/01/30 v2.3 Provides the ifpdf switch (HO)
Package ifpdf Info: pdfTeX in PDF mode is detected.
Package: etexcmds 2011/02/16 v1.5 Avoid name clashes with e-TeX commands (HO)
Package etexcmds Info: Could not find \expanded.
(etexcmds)             That can mean that you are not using pdfTeX 1.50 or
(etexcmds)             that some package has redefined \expanded.
(etexcmds)             In the latter case, load this package earlier.
Package: kvsetkeys 2012/04/25 v1.16 Key value parser (HO)
Package: kvdefinekeys 2011/04/07 v1.3 Define keys (HO)
Package: pdftexcmds 2011/11/29 v0.20 Utility functions of pdfTeX for LuaTeX (HO
)
Package pdftexcmds Info: LuaTeX not detected.
Package pdftexcmds Info: \pdf@primitive is available.
Package pdftexcmds Info: \pdf@ifprimitive is available.
Package pdftexcmds Info: \pdfdraftmode found.
Package: pdfescape 2011/11/25 v1.13 Implements pdfTeX's escape features (HO)
Package: bigintcalc 2012/04/08 v1.3 Expandable calculations on big integers (HO
)
Package: bitset 2011/01/30 v1.1 Handle bit-vector datatype (HO)
Package: uniquecounter 2011/01/30 v1.2 Provide unlimited unique counter (HO)
)
Package hobsub Info: Skipping package `hobsub' (already loaded).
Package: letltxmacro 2010/09/02 v1.4 Let assignment for LaTeX macros (HO)
Package: hopatch 2011/06/24 v1.1 Wrapper for package hooks (HO)
Package: xcolor-patch 2011/01/30 xcolor patch
Package: atveryend 2011/06/30 v1.8 Hooks at the very end of document (HO)
Package atveryend Info: \enddocument detected (standard20110627).
Package: atbegshi 2011/10/05 v1.16 At begin shipout hook (HO)
Package: refcount 2011/10/16 v3.4 Data extraction from label references (HO)
Package: hycolor 2011/01/30 v1.7 Color options for hyperref/bookmark (HO)
)
("C:\Program Files (x86)\MiKTeX 2.9\tex\generic\ifxetex\ifxetex.sty"
Package: ifxetex 2010/09/12 v0.6 Provides ifxetex conditional
)
("C:\Program Files (x86)\MiKTeX 2.9\tex\latex\oberdiek\auxhook.sty"
Package: auxhook 2011/03/04 v1.3 Hooks for auxiliary files (HO)
)
("C:\Program Files (x86)\MiKTeX 2.9\tex\latex\oberdiek\kvoptions.sty"
Package: kvoptions 2011/06/30 v3.11 Key value format for package options (HO)
)
\@linkdim=\dimen125
\Hy@linkcounter=\count103
\Hy@pagecounter=\count104

("C:\Program Files (x86)\MiKTeX 2.9\tex\latex\hyperref\pd1enc.def"
File: pd1enc.def 2012/11/06 v6.83m Hyperref: PDFDocEncoding definition (HO)
Now handling font encoding PD1 ...
... no UTF-8 mapping file for font encoding PD1
)
\Hy@SavedSpaceFactor=\count105

("C:\Program Files (x86)\MiKTeX 2.9\tex\latex\00miktex\hyperref.cfg"
File: hyperref.cfg 2002/06/06 v1.2 hyperref configuration of TeXLive
)
Package hyperref Info: Option `final' set `true' on input line 4319.
Package hyperref Info: Hyper figures OFF on input line 4443.
Package hyperref Info: Link nesting OFF on input line 4448.
Package hyperref Info: Hyper index ON on input line 4451.
Package hyperref Info: Plain pages OFF on input line 4458.
Package hyperref Info: Backreferencing OFF on input line 4463.
Package hyperref Info: Implicit mode ON; LaTeX internals redefined.
Package hyperref Info: Bookmarks ON on input line 4688.
\c@Hy@tempcnt=\count106

("C:\Program Files (x86)\MiKTeX 2.9\tex\latex\ltxmisc\url.sty"
\Urlmuskip=\muskip11
Package: url 2006/04/12  ver 3.3  Verb mode for urls, etc.
)
LaTeX Info: Redefining \url on input line 5041.
\XeTeXLinkMargin=\dimen126
\Fld@menulength=\count107
\Field@Width=\dimen127
\Fld@charsize=\dimen128
Package hyperref Info: Hyper figures OFF on input line 6295.
Package hyperref Info: Link nesting OFF on input line 6300.
Package hyperref Info: Hyper index ON on input line 6303.
Package hyperref Info: backreferencing OFF on input line 6310.
Package hyperref Info: Link coloring OFF on input line 6315.
Package hyperref Info: Link coloring with OCG OFF on input line 6320.
Package hyperref Info: PDF/A mode OFF on input line 6325.
LaTeX Info: Redefining \ref on input line 6365.
LaTeX Info: Redefining \pageref on input line 6369.
\Hy@abspage=\count108
\c@Item=\count109
\c@Hfootnote=\count110
)

Package hyperref Message: Driver (autodetected): hpdftex.

("C:\Program Files (x86)\MiKTeX 2.9\tex\latex\hyperref\hpdftex.def"
File: hpdftex.def 2012/11/06 v6.83m Hyperref driver for pdfTeX
\Fld@listcount=\count111
\c@bookmark@seq@number=\count112

("C:\Program Files (x86)\MiKTeX 2.9\tex\latex\oberdiek\rerunfilecheck.sty"
Package: rerunfilecheck 2011/04/15 v1.7 Rerun checks for auxiliary files (HO)
Package uniquecounter Info: New unique counter `rerunfilecheck' on input line 2
82.
)
\Hy@SectionHShift=\skip46
)
("C:\Program Files (x86)\MiKTeX 2.9\tex\latex\oberdiek\epstopdf.sty"
Package: epstopdf 2010/02/09 v2.5 Conversion with epstopdf on the fly (HO)

("C:\Program Files (x86)\MiKTeX 2.9\tex\latex\oberdiek\epstopdf-base.sty"
Package: epstopdf-base 2010/02/09 v2.5 Base part for package epstopdf

("C:\Program Files (x86)\MiKTeX 2.9\tex\latex\oberdiek\grfext.sty"
Package: grfext 2010/08/19 v1.1 Manage graphics extensions (HO)
)
Package grfext Info: Graphics extension search list:
(grfext)             [.png,.pdf,.jpg,.mps,.jpeg,.jbig2,.jb2,.PNG,.PDF,.JPG,.JPE
G,.JBIG2,.JB2,.eps]
(grfext)             \AppendGraphicsExtensions on input line 452.
))
("C:\Program Files (x86)\MiKTeX 2.9\tex\latex\geometry\geometry.sty"
Package: geometry 2010/09/12 v5.6 Page Geometry
\Gm@cnth=\count113
\Gm@cntv=\count114
\c@Gm@tempcnt=\count115
\Gm@bindingoffset=\dimen129
\Gm@wd@mp=\dimen130
\Gm@odd@mp=\dimen131
\Gm@even@mp=\dimen132
\Gm@layoutwidth=\dimen133
\Gm@layoutheight=\dimen134
\Gm@layouthoffset=\dimen135
\Gm@layoutvoffset=\dimen136
\Gm@dimlist=\toks22

("C:\Program Files (x86)\MiKTeX 2.9\tex\latex\geometry\geometry.cfg"))
("C:\Program Files (x86)\MiKTeX 2.9\tex\latex\fancyhdr\fancyhdr.sty"
\fancy@headwidth=\skip47
\f@ncyO@elh=\skip48
\f@ncyO@erh=\skip49
\f@ncyO@olh=\skip50
\f@ncyO@orh=\skip51
\f@ncyO@elf=\skip52
\f@ncyO@erf=\skip53
\f@ncyO@olf=\skip54
\f@ncyO@orf=\skip55
)
("C:\Program Files (x86)\MiKTeX 2.9\tex\latex\appendix\appendix.sty"
Package: appendix 2009/09/02 v1.2b extra appendix facilities
\c@@pps=\count116
\c@@ppsavesec=\count117
\c@@ppsaveapp=\count118
)
("C:\Program Files (x86)\MiKTeX 2.9\tex\latex\chngcntr\chngcntr.sty"
Package: chngcntr 2009/09/02 v1.0a change counter resetting
)
("C:\Program Files (x86)\MiKTeX 2.9\tex\latex\etoolbox\etoolbox.sty"
Package: etoolbox 2015/08/02 v2.2a e-TeX tools for LaTeX (JAW)

("C:\Program Files (x86)\MiKTeX 2.9\tex\latex\misc\etex.sty"
Package: etex 1998/03/26 v2.0 eTeX basic definition package (PEB)
\et@xins=\count119
)
\etb@tempcnta=\count120
)
("D:\Lluis\Documents\Industrials\Q3 Master\Tec Control\1r Control - Doble Integ
rador\Informe\1r_Informe-Lluis_Salord_Quetglas.aux"

LaTeX Warning: Label `eq:pert_const_model_mat' multiply defined.

)
LaTeX Font Info:    Checking defaults for OML/cmm/m/it on input line 59.
LaTeX Font Info:    ... okay on input line 59.
LaTeX Font Info:    Checking defaults for T1/cmr/m/n on input line 59.
LaTeX Font Info:    ... okay on input line 59.
LaTeX Font Info:    Checking defaults for OT1/cmr/m/n on input line 59.
LaTeX Font Info:    ... okay on input line 59.
LaTeX Font Info:    Checking defaults for OMS/cmsy/m/n on input line 59.
LaTeX Font Info:    ... okay on input line 59.
LaTeX Font Info:    Checking defaults for OMX/cmex/m/n on input line 59.
LaTeX Font Info:    ... okay on input line 59.
LaTeX Font Info:    Checking defaults for U/cmr/m/n on input line 59.
LaTeX Font Info:    ... okay on input line 59.
LaTeX Font Info:    Checking defaults for PD1/pdf/m/n on input line 59.
LaTeX Font Info:    ... okay on input line 59.
LaTeX Info: Redefining \l on input line 59.
LaTeX Info: Redefining \L on input line 59.
 ("C:\Program Files (x86)\MiKTeX 2.9\tex\context\base\supp-pdf.mkii"
[Loading MPS to PDF converter (version 2006.09.02).]
\scratchcounter=\count121
\scratchdimen=\dimen137
\scratchbox=\box28
\nofMPsegments=\count122
\nofMParguments=\count123
\everyMPshowfont=\toks23
\MPscratchCnt=\count124
\MPscratchDim=\dimen138
\MPnumerator=\count125
\makeMPintoPDFobject=\count126
\everyMPtoPDFconversion=\toks24
)
Package caption Info: Begin \AtBeginDocument code.
Package caption Info: hyperref package is loaded.
Package caption Info: End \AtBeginDocument code.
\AtBeginShipoutBox=\box29
Package hyperref Info: Link coloring OFF on input line 59.
 ("C:\Program Files (x86)\MiKTeX 2.9\tex\latex\hyperref\nameref.sty"
Package: nameref 2012/10/27 v2.43 Cross-referencing by name of section

("C:\Program Files (x86)\MiKTeX 2.9\tex\generic\oberdiek\gettitlestring.sty"
Package: gettitlestring 2010/12/03 v1.4 Cleanup title references (HO)
)
\c@section@level=\count127
)
LaTeX Info: Redefining \ref on input line 59.
LaTeX Info: Redefining \pageref on input line 59.
LaTeX Info: Redefining \nameref on input line 59.

("D:\Lluis\Documents\Industrials\Q3 Master\Tec Control\1r Control - Doble Integ
rador\Informe\1r_Informe-Lluis_Salord_Quetglas.out")
("D:\Lluis\Documents\Industrials\Q3 Master\Tec Control\1r Control - Doble Integ
rador\Informe\1r_Informe-Lluis_Salord_Quetglas.out")
\@outlinefile=\write3

*geometry* driver: auto-detecting
*geometry* detected driver: pdftex
*geometry* verbose mode - [ preamble ] result:
* driver: pdftex
* paper: a4paper
* layout: <same size as paper>
* layoutoffset:(h,v)=(0.0pt,0.0pt)
* modes: twoside 
* h-part:(L,W,R)=(71.13188pt, 455.24411pt, 71.13188pt)
* v-part:(T,H,B)=(71.13188pt, 702.78308pt, 71.13188pt)
* \paperwidth=597.50787pt
* \paperheight=845.04684pt
* \textwidth=455.24411pt
* \textheight=690.0pt
* \oddsidemargin=-1.1381pt
* \evensidemargin=-1.1381pt
* \topmargin=-38.1381pt
* \headheight=15.0pt
* \headsep=25.0pt
* \topskip=12.0pt
* \footskip=60.0pt
* \marginparwidth=85.0pt
* \marginparsep=10.0pt
* \columnsep=10.0pt
* \skip\footins=10.8pt plus 4.0pt minus 2.0pt
* \hoffset=0.0pt
* \voffset=0.0pt
* \mag=1000
* \@twocolumnfalse
* \@twosidetrue
* \@mparswitchtrue
* \@reversemarginfalse
* (1in=72.27pt=25.4mm, 1cm=28.453pt)

[1

{C:/Users/Lluis/AppData/Local/MiKTeX/2.9/pdftex/config/pdftex.map}] [2

]pdfTeX warning (ext4): destination with the same identifier (name{page.1}) has
 been already used, duplicate ignored
<to be read again> 
                   \relax 
l.73 \end{abstract}
                    [1] <Imatges/etseib.png, id=82, 65.043pt x 85.0377pt>
File: Imatges/etseib.png Graphic file (type png)

<use Imatges/etseib.png>
Package pdftex.def Info: Imatges/etseib.png used on input line 75.
(pdftex.def)             Requested size: 32.52141pt x 42.51874pt.
pdfTeX warning (ext4): destination with the same identifier (name{page.2}) has 
been already used, duplicate ignored
<to be read again> 
                   \relax 
l.75 \tableofcontents
                      [2

 <D:/Lluis/Documents/Industrials/Q3 Master/Tec Control/1r Control - Doble Integ
rador/Informe/Imatges/etseib.png>]
("D:\Lluis\Documents\Industrials\Q3 Master\Tec Control\1r Control - Doble Integ
rador\Informe\1r_Informe-Lluis_Salord_Quetglas.toc")
\tf@toc=\write4
File: Imatges/etseib.png Graphic file (type png)
 <use Imatges/etseib.png>
Package pdftex.def Info: Imatges/etseib.png used on input line 77.
(pdftex.def)             Requested size: 32.52141pt x 42.51874pt.

[3]
File: Imatges/etseib.png Graphic file (type png)
 <use Imatges/etseib.png>
Package pdftex.def Info: Imatges/etseib.png used on input line 77.
(pdftex.def)             Requested size: 32.52141pt x 42.51874pt.
 [4

]
("D:\Lluis\Documents\Industrials\Q3 Master\Tec Control\1r Control - Doble Integ
rador\Informe\1r_Informe-Lluis_Salord_Quetglas.lof"
LaTeX Font Info:    Try loading font information for OMS+cmr on input line 3.

("C:\Program Files (x86)\MiKTeX 2.9\tex\latex\base\omscmr.fd"
File: omscmr.fd 1999/05/25 v2.5h Standard LaTeX font definitions
)
LaTeX Font Info:    Font shape `OMS/cmr/m/n' in size <12> not available
(Font)              Font shape `OMS/cmsy/m/n' tried instead on input line 3.
)
\tf@lof=\write5
File: Imatges/etseib.png Graphic file (type png)

<use Imatges/etseib.png>
Package pdftex.def Info: Imatges/etseib.png used on input line 79.
(pdftex.def)             Requested size: 32.52141pt x 42.51874pt.
 [5]
File: Imatges/etseib.png Graphic file (type png)
 <use Imatges/etseib.png>
Package pdftex.def Info: Imatges/etseib.png used on input line 79.
(pdftex.def)             Requested size: 32.52141pt x 42.51874pt.
 [6

]
("D:\Lluis\Documents\Industrials\Q3 Master\Tec Control\1r Control - Doble Integ
rador\Informe\1r_Informe-Lluis_Salord_Quetglas.lot")
\tf@lot=\write6
File: Imatges/etseib.png Graphic file (type png)
 <use Imatges/etseib.png>
Package pdftex.def Info: Imatges/etseib.png used on input line 81.
(pdftex.def)             Requested size: 32.52141pt x 42.51874pt.

[7]
File: Imatges/etseib.png Graphic file (type png)
 <use Imatges/etseib.png>
Package pdftex.def Info: Imatges/etseib.png used on input line 81.
(pdftex.def)             Requested size: 32.52141pt x 42.51874pt.
 [8

]
Cap\'{\i }tol 1.
LaTeX Font Info:    Try loading font information for T1+cmtt on input line 87.
("C:\Program Files (x86)\MiKTeX 2.9\tex\latex\base\t1cmtt.fd"
File: t1cmtt.fd 1999/05/25 v2.5h Standard LaTeX font definitions
)
<Imatges/circuit_scheme.png, id=175, 725.71124pt x 248.42813pt>
File: Imatges/circuit_scheme.png Graphic file (type png)

<use Imatges/circuit_scheme.png>
Package pdftex.def Info: Imatges/circuit_scheme.png used on input line 99.
(pdftex.def)             Requested size: 364.19667pt x 124.67622pt.
File: Imatges/etseib.png Graphic file (type png)
 <use Imatges/etseib.png>
Package pdftex.def Info: Imatges/etseib.png used on input line 119.
(pdftex.def)             Requested size: 32.52141pt x 42.51874pt.
 [9]
File: Imatges/etseib.png Graphic file (type png)

<use Imatges/etseib.png>
Package pdftex.def Info: Imatges/etseib.png used on input line 170.
(pdftex.def)             Requested size: 32.52141pt x 42.51874pt.
 [10 <D:/Lluis/Documents/Industrials/Q3 Master/Tec Control/1r Control - Doble I
ntegrador/Informe/Imatges/circuit_scheme.png (PNG copy)>]
File: Imatges/etseib.png Graphic file (type png)
 <use Imatges/etseib.png>
Package pdftex.def Info: Imatges/etseib.png used on input line 188.
(pdftex.def)             Requested size: 32.52141pt x 42.51874pt.
 [11]
File: Imatges/etseib.png Graphic file (type png)
 <use Imatges/etseib.png>
Package pdftex.def Info: Imatges/etseib.png used on input line 192.
(pdftex.def)             Requested size: 32.52141pt x 42.51874pt.
 [12]
Cap\'{\i }tol 2.
<Imatges/cont_sim_scheme.pdf, id=213, 666.44987pt x 250.41554pt>
File: Imatges/cont_sim_scheme.pdf Graphic file (type pdf)

<use Imatges/cont_sim_scheme.pdf>
Package pdftex.def Info: Imatges/cont_sim_scheme.pdf used on input line 202.
(pdftex.def)             Requested size: 364.19667pt x 136.84631pt.
File: Imatges/etseib.png Graphic file (type png)
 <use Imatges/etseib.png>
Package pdftex.def Info: Imatges/etseib.png used on input line 207.
(pdftex.def)             Requested size: 32.52141pt x 42.51874pt.
 [13

 <D:/Lluis/Documents/Industrials/Q3 Master/Tec Control/1r Control - Doble Integ
rador/Informe/Imatges/cont_sim_scheme.pdf>]
Package epstopdf Info: Source file: <Imatges/cont_sim.eps>
(epstopdf)                    date: 2015-11-09 20:02:57
(epstopdf)                    size: 185740 bytes
(epstopdf)             Output file: <Imatges/cont_sim-eps-converted-to.pdf>
(epstopdf)                    date: 2015-11-09 20:29:21
(epstopdf)                    size: 10602 bytes
(epstopdf)             Command: <epstopdf --outfile=Imatges/cont_sim-eps-conver
ted-to.pdf Imatges/cont_sim.eps>
(epstopdf)             \includegraphics on input line 264.
Package epstopdf Info: Output file is already uptodate.

<Imatges/cont_sim-eps-converted-to.pdf, id=233, 979.66pt x 518.93875pt>
File: Imatges/cont_sim-eps-converted-to.pdf Graphic file (type pdf)

<use Imatges/cont_sim-eps-converted-to.pdf>
Package pdftex.def Info: Imatges/cont_sim-eps-converted-to.pdf used on input li
ne 264.
(pdftex.def)             Requested size: 364.19667pt x 192.91493pt.
File: Imatges/etseib.png Graphic file (type png)
 <use Imatges/etseib.png>
Package pdftex.def Info: Imatges/etseib.png used on input line 269.
(pdftex.def)             Requested size: 32.52141pt x 42.51874pt.
 [14]
File: Imatges/etseib.png Graphic file (type png)

<use Imatges/etseib.png>
Package pdftex.def Info: Imatges/etseib.png used on input line 287.
(pdftex.def)             Requested size: 32.52141pt x 42.51874pt.
 [15 <D:/Lluis/Documents/Industrials/Q3 Master/Tec Control/1r Control - Doble I
ntegrador/Informe/Imatges/cont_sim-eps-converted-to.pdf>] <Imatges/dis_sim_sche
me.pdf, id=273, 707.5233pt x 164.2938pt>
File: Imatges/dis_sim_scheme.pdf Graphic file (type pdf)

<use Imatges/dis_sim_scheme.pdf>
Package pdftex.def Info: Imatges/dis_sim_scheme.pdf used on input line 302.
(pdftex.def)             Requested size: 364.19667pt x 84.57088pt.
Package epstopdf Info: Source file: <Imatges/dis_sim.eps>
(epstopdf)                    date: 2015-11-11 12:20:41
(epstopdf)                    size: 581989 bytes
(epstopdf)             Output file: <Imatges/dis_sim-eps-converted-to.pdf>
(epstopdf)                    date: 2015-11-11 12:54:41
(epstopdf)                    size: 35728 bytes
(epstopdf)             Command: <epstopdf --outfile=Imatges/dis_sim-eps-convert
ed-to.pdf Imatges/dis_sim.eps>
(epstopdf)             \includegraphics on input line 308.
Package epstopdf Info: Output file is already uptodate.

<Imatges/dis_sim-eps-converted-to.pdf, id=274, 979.66pt x 518.93875pt>
File: Imatges/dis_sim-eps-converted-to.pdf Graphic file (type pdf)

<use Imatges/dis_sim-eps-converted-to.pdf>
Package pdftex.def Info: Imatges/dis_sim-eps-converted-to.pdf used on input lin
e 308.
(pdftex.def)             Requested size: 364.19667pt x 192.91493pt.
File: Imatges/etseib.png Graphic file (type png)
 <use Imatges/etseib.png>
Package pdftex.def Info: Imatges/etseib.png used on input line 312.
(pdftex.def)             Requested size: 32.52141pt x 42.51874pt.
 [16 <D:/Lluis/Documents/Industrials/Q3 Master/Tec Control/1r Control - Doble I
ntegrador/Informe/Imatges/dis_sim_scheme.pdf> <D:/Lluis/Documents/Industrials/Q
3 Master/Tec Control/1r Control - Doble Integrador/Informe/Imatges/dis_sim-eps-
converted-to.pdf>]
File: Imatges/etseib.png Graphic file (type png)
 <use Imatges/etseib.png>
Package pdftex.def Info: Imatges/etseib.png used on input line 344.
(pdftex.def)             Requested size: 32.52141pt x 42.51874pt.
 [17]
Package epstopdf Info: Source file: <Imatges/dis_all.eps>
(epstopdf)                    date: 2015-11-09 20:28:58
(epstopdf)                    size: 212691 bytes
(epstopdf)             Output file: <Imatges/dis_all-eps-converted-to.pdf>
(epstopdf)                    date: 2015-11-09 20:29:25
(epstopdf)                    size: 15143 bytes
(epstopdf)             Command: <epstopdf --outfile=Imatges/dis_all-eps-convert
ed-to.pdf Imatges/dis_all.eps>
(epstopdf)             \includegraphics on input line 351.
Package epstopdf Info: Output file is already uptodate.

<Imatges/dis_all-eps-converted-to.pdf, id=306, 979.66pt x 518.93875pt>
File: Imatges/dis_all-eps-converted-to.pdf Graphic file (type pdf)

<use Imatges/dis_all-eps-converted-to.pdf>
Package pdftex.def Info: Imatges/dis_all-eps-converted-to.pdf used on input lin
e 351.
(pdftex.def)             Requested size: 364.19667pt x 192.91493pt.

Underfull \vbox (badness 10000) has occurred while \output is active []

File: Imatges/etseib.png Graphic file (type png)

<use Imatges/etseib.png>
Package pdftex.def Info: Imatges/etseib.png used on input line 370.
(pdftex.def)             Requested size: 32.52141pt x 42.51874pt.
 [18 <D:/Lluis/Documents/Industrials/Q3 Master/Tec Control/1r Control - Doble I
ntegrador/Informe/Imatges/dis_all-eps-converted-to.pdf>] <Imatges/obs_sim_schem
e.pdf, id=329, 752.57161pt x 366.89069pt>
File: Imatges/obs_sim_scheme.pdf Graphic file (type pdf)

<use Imatges/obs_sim_scheme.pdf>
Package pdftex.def Info: Imatges/obs_sim_scheme.pdf used on input line 389.
(pdftex.def)             Requested size: 364.19667pt x 177.54988pt.
Package epstopdf Info: Source file: <Imatges/obs_all_sim.eps>
(epstopdf)                    date: 2015-11-11 12:36:39
(epstopdf)                    size: 966170 bytes
(epstopdf)             Output file: <Imatges/obs_all_sim-eps-converted-to.pdf>
(epstopdf)                    date: 2015-11-15 21:32:45
(epstopdf)                    size: 40126 bytes
(epstopdf)             Command: <epstopdf --outfile=Imatges/obs_all_sim-eps-con
verted-to.pdf Imatges/obs_all_sim.eps>
(epstopdf)             \includegraphics on input line 397.
Package epstopdf Info: Output file is already uptodate.

<Imatges/obs_all_sim-eps-converted-to.pdf, id=331, 979.66pt x 518.93875pt>
File: Imatges/obs_all_sim-eps-converted-to.pdf Graphic file (type pdf)

<use Imatges/obs_all_sim-eps-converted-to.pdf>
Package pdftex.def Info: Imatges/obs_all_sim-eps-converted-to.pdf used on input
 line 397.
(pdftex.def)             Requested size: 364.19667pt x 192.91493pt.


LaTeX Warning: `h' float specifier changed to `ht'.

File: Imatges/etseib.png Graphic file (type png)
<use Imatges/etseib.png>
Package pdftex.def Info: Imatges/etseib.png used on input line 405.
(pdftex.def)             Requested size: 32.52141pt x 42.51874pt.
 [19]
Package epstopdf Info: Source file: <Imatges/obs_all.eps>
(epstopdf)                    date: 2015-11-09 20:39:58
(epstopdf)                    size: 231385 bytes
(epstopdf)             Output file: <Imatges/obs_all-eps-converted-to.pdf>
(epstopdf)                    date: 2015-11-16 09:19:12
(epstopdf)                    size: 19622 bytes
(epstopdf)             Command: <epstopdf --outfile=Imatges/obs_all-eps-convert
ed-to.pdf Imatges/obs_all.eps>
(epstopdf)             \includegraphics on input line 415.
Package epstopdf Info: Output file is already uptodate.

<Imatges/obs_all-eps-converted-to.pdf, id=343, 979.66pt x 518.93875pt>
File: Imatges/obs_all-eps-converted-to.pdf Graphic file (type pdf)

<use Imatges/obs_all-eps-converted-to.pdf>
Package pdftex.def Info: Imatges/obs_all-eps-converted-to.pdf used on input lin
e 415.
(pdftex.def)             Requested size: 364.19667pt x 192.91493pt.


LaTeX Warning: `h' float specifier changed to `ht'.

Package epstopdf Info: Source file: <Imatges/obs_offset.eps>
(epstopdf)                    date: 2015-11-09 20:42:36
(epstopdf)                    size: 189144 bytes
(epstopdf)             Output file: <Imatges/obs_offset-eps-converted-to.pdf>
(epstopdf)                    date: 2015-11-16 09:19:13
(epstopdf)                    size: 11494 bytes
(epstopdf)             Command: <epstopdf --outfile=Imatges/obs_offset-eps-conv
erted-to.pdf Imatges/obs_offset.eps>
(epstopdf)             \includegraphics on input line 421.
Package epstopdf Info: Output file is already uptodate.
<Imatges/obs_offset-eps-converted-to.pdf, id=344, 979.66pt x 518.93875pt>
File: Imatges/obs_offset-eps-converted-to.pdf Graphic file (type pdf)

<use Imatges/obs_offset-eps-converted-to.pdf>
Package pdftex.def Info: Imatges/obs_offset-eps-converted-to.pdf used on input 
line 421.
(pdftex.def)             Requested size: 364.19667pt x 192.91493pt.


LaTeX Warning: `h' float specifier changed to `ht'.

File: Imatges/etseib.png Graphic file (type png)
<use Imatges/etseib.png>
Package pdftex.def Info: Imatges/etseib.png used on input line 428.
(pdftex.def)             Requested size: 32.52141pt x 42.51874pt.
 [20 <D:/Lluis/Documents/Industrials/Q3 Master/Tec Control/1r Control - Doble I
ntegrador/Informe/Imatges/obs_sim_scheme.pdf> <D:/Lluis/Documents/Industrials/Q
3 Master/Tec Control/1r Control - Doble Integrador/Informe/Imatges/obs_all_sim-
eps-converted-to.pdf>]
File: Imatges/etseib.png Graphic file (type png)
 <use Imatges/etseib.png>
Package pdftex.def Info: Imatges/etseib.png used on input line 441.
(pdftex.def)             Requested size: 32.52141pt x 42.51874pt.

[21 <D:/Lluis/Documents/Industrials/Q3 Master/Tec Control/1r Control - Doble In
tegrador/Informe/Imatges/obs_all-eps-converted-to.pdf> <D:/Lluis/Documents/Indu
strials/Q3 Master/Tec Control/1r Control - Doble Integrador/Informe/Imatges/obs
_offset-eps-converted-to.pdf>]
<Imatges/pert_sim.pdf, id=401, 759.31679pt x 451.92839pt>
File: Imatges/pert_sim.pdf Graphic file (type pdf)

<use Imatges/pert_sim.pdf>
Package pdftex.def Info: Imatges/pert_sim.pdf used on input line 519.
(pdftex.def)             Requested size: 364.19667pt x 216.75766pt.
File: Imatges/etseib.png Graphic file (type png)
 <use Imatges/etseib.png>
Package pdftex.def Info: Imatges/etseib.png used on input line 531.
(pdftex.def)             Requested size: 32.52141pt x 42.51874pt.
 [22]
Underfull \vbox (badness 3354) has occurred while \output is active []

File: Imatges/etseib.png Graphic file (type png)

<use Imatges/etseib.png>
Package pdftex.def Info: Imatges/etseib.png used on input line 580.
(pdftex.def)             Requested size: 32.52141pt x 42.51874pt.
 [23 <D:/Lluis/Documents/Industrials/Q3 Master/Tec Control/1r Control - Doble I
ntegrador/Informe/Imatges/pert_sim.pdf>]
Package epstopdf Info: Source file: <Imatges/pert_ct_all_sim_pols_imag_no_sin.e
ps>
(epstopdf)                    date: 2015-11-11 12:33:44
(epstopdf)                    size: 750605 bytes
(epstopdf)             Output file: <Imatges/pert_ct_all_sim_pols_imag_no_sin-e
ps-converted-to.pdf>
(epstopdf)                    date: 2015-11-17 11:24:08
(epstopdf)                    size: 35398 bytes
(epstopdf)             Command: <epstopdf --outfile=Imatges/pert_ct_all_sim_pol
s_imag_no_sin-eps-converted-to.pdf Imatges/pert_ct_all_sim_pols_imag_no_sin.eps
>
(epstopdf)             \includegraphics on input line 583.
Package epstopdf Info: Output file is already uptodate.

<Imatges/pert_ct_all_sim_pols_imag_no_sin-eps-converted-to.pdf, id=442, 979.66p
t x 518.93875pt>
File: Imatges/pert_ct_all_sim_pols_imag_no_sin-eps-converted-to.pdf Graphic fil
e (type pdf)

<use Imatges/pert_ct_all_sim_pols_imag_no_sin-eps-converted-to.pdf>
Package pdftex.def Info: Imatges/pert_ct_all_sim_pols_imag_no_sin-eps-converted
-to.pdf used on input line 583.
(pdftex.def)             Requested size: 364.19667pt x 192.91493pt.
Package epstopdf Info: Source file: <Imatges/pert_ct_all_sim_pols_imag_sin.eps>

(epstopdf)                    date: 2015-11-11 12:33:09
(epstopdf)                    size: 792058 bytes
(epstopdf)             Output file: <Imatges/pert_ct_all_sim_pols_imag_sin-eps-
converted-to.pdf>
(epstopdf)                    date: 2015-11-17 11:33:59
(epstopdf)                    size: 82572 bytes
(epstopdf)             Command: <epstopdf --outfile=Imatges/pert_ct_all_sim_pol
s_imag_sin-eps-converted-to.pdf Imatges/pert_ct_all_sim_pols_imag_sin.eps>
(epstopdf)             \includegraphics on input line 591.
Package epstopdf Info: Output file is already uptodate.

<Imatges/pert_ct_all_sim_pols_imag_sin-eps-converted-to.pdf, id=445, 979.66pt x
 518.93875pt>
File: Imatges/pert_ct_all_sim_pols_imag_sin-eps-converted-to.pdf Graphic file (
type pdf)
 <use Imatges/pert_ct_all_sim_pols_imag_sin-eps-converted-to.pdf>
Package pdftex.def Info: Imatges/pert_ct_all_sim_pols_imag_sin-eps-converted-to
.pdf used on input line 591.
(pdftex.def)             Requested size: 364.19667pt x 192.91493pt.
File: Imatges/etseib.png Graphic file (type png)

<use Imatges/etseib.png>
Package pdftex.def Info: Imatges/etseib.png used on input line 596.
(pdftex.def)             Requested size: 32.52141pt x 42.51874pt.
 [24 <D:/Lluis/Documents/Industrials/Q3 Master/Tec Control/1r Control - Doble I
ntegrador/Informe/Imatges/pert_ct_all_sim_pols_imag_no_sin-eps-converted-to.pdf
> <D:/Lluis/Documents/Industrials/Q3 Master/Tec Control/1r Control - Doble Inte
grador/Informe/Imatges/pert_ct_all_sim_pols_imag_sin-eps-converted-to.pdf>]
Package epstopdf Info: Source file: <Imatges/pert_ct_all_pols_imag.eps>
(epstopdf)                    date: 2015-11-09 21:28:36
(epstopdf)                    size: 233887 bytes
(epstopdf)             Output file: <Imatges/pert_ct_all_pols_imag-eps-converte
d-to.pdf>
(epstopdf)                    date: 2015-11-19 09:39:09
(epstopdf)                    size: 19373 bytes
(epstopdf)             Command: <epstopdf --outfile=Imatges/pert_ct_all_pols_im
ag-eps-converted-to.pdf Imatges/pert_ct_all_pols_imag.eps>
(epstopdf)             \includegraphics on input line 601.
Package epstopdf Info: Output file is already uptodate.

<Imatges/pert_ct_all_pols_imag-eps-converted-to.pdf, id=482, 979.66pt x 518.938
75pt>
File: Imatges/pert_ct_all_pols_imag-eps-converted-to.pdf Graphic file (type pdf
)
 <use Imatges/pert_ct_all_pols_imag-eps-converted-to.pdf>
Package pdftex.def Info: Imatges/pert_ct_all_pols_imag-eps-converted-to.pdf use
d on input line 601.
(pdftex.def)             Requested size: 364.19667pt x 192.91493pt.
File: Imatges/etseib.png Graphic file (type png)

<use Imatges/etseib.png>
Package pdftex.def Info: Imatges/etseib.png used on input line 612.
(pdftex.def)             Requested size: 32.52141pt x 42.51874pt.
 [25 <D:/Lluis/Documents/Industrials/Q3 Master/Tec Control/1r Control - Doble I
ntegrador/Informe/Imatges/pert_ct_all_pols_imag-eps-converted-to.pdf>]
Package epstopdf Info: Source file: <Imatges/power_spectral_mean.eps>
(epstopdf)                    date: 2015-11-19 11:17:22
(epstopdf)                    size: 290567 bytes
(epstopdf)             Output file: <Imatges/power_spectral_mean-eps-converted-
to.pdf>
(epstopdf)                    date: 2015-11-19 11:23:47
(epstopdf)                    size: 9924 bytes
(epstopdf)             Command: <epstopdf --outfile=Imatges/power_spectral_mean
-eps-converted-to.pdf Imatges/power_spectral_mean.eps>
(epstopdf)             \includegraphics on input line 615.
Package epstopdf Info: Output file is already uptodate.

<Imatges/power_spectral_mean-eps-converted-to.pdf, id=499, 1028.84375pt x 490.8
3376pt>
File: Imatges/power_spectral_mean-eps-converted-to.pdf Graphic file (type pdf)
 <use Imatges/power_spectral_mean-eps-converted-to.pdf>
Package pdftex.def Info: Imatges/power_spectral_mean-eps-converted-to.pdf used 
on input line 615.
(pdftex.def)             Requested size: 364.19667pt x 173.74915pt.
Package epstopdf Info: Source file: <Imatges/power_spectral_nomean_bef_sin_pols
_imag.eps>
(epstopdf)                    date: 2015-11-19 11:16:57
(epstopdf)                    size: 294124 bytes
(epstopdf)             Output file: <Imatges/power_spectral_nomean_bef_sin_pols
_imag-eps-converted-to.pdf>
(epstopdf)                    date: 2015-11-19 11:23:48
(epstopdf)                    size: 18847 bytes
(epstopdf)             Command: <epstopdf --outfile=Imatges/power_spectral_nome
an_bef_sin_pols_imag-eps-converted-to.pdf Imatges/power_spectral_nomean_bef_sin
_pols_imag.eps>
(epstopdf)             \includegraphics on input line 621.
Package epstopdf Info: Output file is already uptodate.

<Imatges/power_spectral_nomean_bef_sin_pols_imag-eps-converted-to.pdf, id=500, 
1028.84375pt x 490.83376pt>
File: Imatges/power_spectral_nomean_bef_sin_pols_imag-eps-converted-to.pdf Grap
hic file (type pdf)

<use Imatges/power_spectral_nomean_bef_sin_pols_imag-eps-converted-to.pdf>
Package pdftex.def Info: Imatges/power_spectral_nomean_bef_sin_pols_imag-eps-co
nverted-to.pdf used on input line 621.
(pdftex.def)             Requested size: 364.19667pt x 173.74915pt.

Underfull \vbox (badness 10000) has occurred while \output is active []

File: Imatges/etseib.png Graphic file (type png)

<use Imatges/etseib.png>
Package pdftex.def Info: Imatges/etseib.png used on input line 627.
(pdftex.def)             Requested size: 32.52141pt x 42.51874pt.
 [26 <D:/Lluis/Documents/Industrials/Q3 Master/Tec Control/1r Control - Doble I
ntegrador/Informe/Imatges/power_spectral_mean-eps-converted-to.pdf> <D:/Lluis/D
ocuments/Industrials/Q3 Master/Tec Control/1r Control - Doble Integrador/Inform
e/Imatges/power_spectral_nomean_bef_sin_pols_imag-eps-converted-to.pdf>]
File: Imatges/etseib.png Graphic file (type png)
 <use Imatges/etseib.png>
Package pdftex.def Info: Imatges/etseib.png used on input line 705.
(pdftex.def)             Requested size: 32.52141pt x 42.51874pt.
 [27]
File: Imatges/etseib.png Graphic file (type png)
 <use Imatges/etseib.png>
Package pdftex.def Info: Imatges/etseib.png used on input line 707.
(pdftex.def)             Requested size: 32.52141pt x 42.51874pt.

[28


] [29] [30]
Ap\`endix A.
Package atveryend Info: Empty hook `BeforeClearDocument' on input line 711.
File: Imatges/etseib.png Graphic file (type png)
<use Imatges/etseib.png>
Package pdftex.def Info: Imatges/etseib.png used on input line 711.
(pdftex.def)             Requested size: 32.52141pt x 42.51874pt.
 [31

]
Package atveryend Info: Empty hook `AfterLastShipout' on input line 711.

("D:\Lluis\Documents\Industrials\Q3 Master\Tec Control\1r Control - Doble Integ
rador\Informe\1r_Informe-Lluis_Salord_Quetglas.aux")
Package atveryend Info: Executing hook `AtVeryEndDocument' on input line 711.
Package atveryend Info: Executing hook `AtEndAfterFileList' on input line 711.
Package rerunfilecheck Info: File `1r_Informe-Lluis_Salord_Quetglas.out' has no
t changed.
(rerunfilecheck)             Checksum: 28836BCEFCF0E5980B89A53EEBE075A5;1163.


LaTeX Warning: There were multiply-defined labels.

Package atveryend Info: Empty hook `AtVeryVeryEnd' on input line 711.
 ) 
Here is how much of TeX's memory you used:
 8775 strings out of 493921
 131168 string characters out of 3144876
 226008 words of memory out of 3000000
 11816 multiletter control sequences out of 15000+200000
 21733 words of font info for 54 fonts, out of 3000000 for 9000
 841 hyphenation exceptions out of 8191
 36i,15n,43p,1040b,363s stack positions out of 5000i,500n,10000p,200000b,50000s
{C:/Program Files (x86)/MiKTeX 2.9/fonts/enc/dvips/cm-super/cm-super-t1.enc}<
C:/Program Files (x86)/MiKTeX 2.9/fonts/type1/public/amsfonts/cm/cmbx12.pfb><C:
/Program Files (x86)/MiKTeX 2.9/fonts/type1/public/amsfonts/cm/cmbx8.pfb><C:/Pr
ogram Files (x86)/MiKTeX 2.9/fonts/type1/public/amsfonts/cm/cmex10.pfb><C:/Prog
ram Files (x86)/MiKTeX 2.9/fonts/type1/public/amsfonts/cm/cmmi10.pfb><C:/Progra
m Files (x86)/MiKTeX 2.9/fonts/type1/public/amsfonts/cm/cmmi12.pfb><C:/Program 
Files (x86)/MiKTeX 2.9/fonts/type1/public/amsfonts/cm/cmmi6.pfb><C:/Program Fil
es (x86)/MiKTeX 2.9/fonts/type1/public/amsfonts/cm/cmmi7.pfb><C:/Program Files 
(x86)/MiKTeX 2.9/fonts/type1/public/amsfonts/cm/cmmi8.pfb><C:/Program Files (x8
6)/MiKTeX 2.9/fonts/type1/public/amsfonts/cm/cmr10.pfb><C:/Program Files (x86)/
MiKTeX 2.9/fonts/type1/public/amsfonts/cm/cmr12.pfb><C:/Program Files (x86)/MiK
TeX 2.9/fonts/type1/public/amsfonts/cm/cmr6.pfb><C:/Program Files (x86)/MiKTeX 
2.9/fonts/type1/public/amsfonts/cm/cmr7.pfb><C:/Program Files (x86)/MiKTeX 2.9/
fonts/type1/public/amsfonts/cm/cmr8.pfb><C:/Program Files (x86)/MiKTeX 2.9/font
s/type1/public/amsfonts/cm/cmsy10.pfb><C:/Program Files (x86)/MiKTeX 2.9/fonts/
type1/public/amsfonts/cm/cmsy8.pfb><C:/Program Files (x86)/MiKTeX 2.9/fonts/typ
e1/public/cm-super/sfbx1200.pfb><C:/Program Files (x86)/MiKTeX 2.9/fonts/type1/
public/cm-super/sfbx1440.pfb><C:/Program Files (x86)/MiKTeX 2.9/fonts/type1/pub
lic/cm-super/sfbx1728.pfb><C:/Program Files (x86)/MiKTeX 2.9/fonts/type1/public
/cm-super/sfbx2488.pfb><C:/Program Files (x86)/MiKTeX 2.9/fonts/type1/public/cm
-super/sfrm0700.pfb><C:/Program Files (x86)/MiKTeX 2.9/fonts/type1/public/cm-su
per/sfrm0800.pfb><C:/Program Files (x86)/MiKTeX 2.9/fonts/type1/public/cm-super
/sfrm1000.pfb><C:/Program Files (x86)/MiKTeX 2.9/fonts/type1/public/cm-super/sf
rm1200.pfb><C:/Program Files (x86)/MiKTeX 2.9/fonts/type1/public/cm-super/sfrm1
440.pfb><C:/Program Files (x86)/MiKTeX 2.9/fonts/type1/public/cm-super/sfrm2074
.pfb><C:/Program Files (x86)/MiKTeX 2.9/fonts/type1/public/cm-super/sfti1000.pf
b><C:/Program Files (x86)/MiKTeX 2.9/fonts/type1/public/cm-super/sfti1200.pfb><
C:/Program Files (x86)/MiKTeX 2.9/fonts/type1/public/cm-super/sftt1000.pfb><C:/
Program Files (x86)/MiKTeX 2.9/fonts/type1/public/cm-super/sftt1200.pfb>
Output written on 1r_Informe-Lluis_Salord_Quetglas.pdf (33 pages, 1204236 bytes
).
PDF statistics:
 670 PDF objects out of 1000 (max. 8388607)
 100 named destinations out of 1000 (max. 500000)
 214 words of extra memory for PDF output out of 10000 (max. 10000000)

